<?xml version="1.0" encoding="UTF-8"?>
<!-- Generated by org.testng.reporters.JUnitXMLReporter -->
<testsuite hostname="DESKTOP-APBTOIM" ignored="0" name="project1test" tests="3" failures="0" timestamp="25 Jun 2021 21:30:10 GMT" time="53.183" errors="0">
  <testcase name="@BeforeMethod setUp" time="23.833" classname="com.flipkart.qa.testcase.HomePageTest">
    <failure type="java.lang.Error" message="Unresolved compilation problem: 
	Syntax error, insert &amp;quot;}&amp;quot; to complete ClassBody
">
      <![CDATA[java.lang.Error: Unresolved compilation problem: 
	Syntax error, insert "}" to complete ClassBody

	at com.flipkart.qa.pages.LoginPage.<init>(LoginPage.java:32)
	at com.flipkart.qa.testcase.HomePageTest.setUp(HomePageTest.java:22)
	at java.util.concurrent.FutureTask.run(FutureTask.java:266)
	at java.util.concurrent.ThreadPoolExecutor.runWorker(ThreadPoolExecutor.java:1149)
	at java.util.concurrent.ThreadPoolExecutor$Worker.run(ThreadPoolExecutor.java:624)
	at java.lang.Thread.run(Thread.java:748)
... Removed 18 stack frames]]>
    </failure>
  </testcase> <!-- @BeforeMethod setUp -->
  <testcase name="@BeforeMethod setUp" time="29.119" classname="com.flipkart.qa.testcase.LoginPageTest">
    <failure type="java.lang.Error" message="Unresolved compilation problem: 
	Syntax error, insert &amp;quot;}&amp;quot; to complete ClassBody
">
      <![CDATA[java.lang.Error: Unresolved compilation problem: 
	Syntax error, insert "}" to complete ClassBody

	at com.flipkart.qa.pages.LoginPage.<init>(LoginPage.java:32)
	at com.flipkart.qa.testcase.LoginPageTest.setUp(LoginPageTest.java:22)
	at java.util.concurrent.FutureTask.run(FutureTask.java:266)
	at java.util.concurrent.ThreadPoolExecutor.runWorker(ThreadPoolExecutor.java:1149)
	at java.util.concurrent.ThreadPoolExecutor$Worker.run(ThreadPoolExecutor.java:624)
	at java.lang.Thread.run(Thread.java:748)
... Removed 18 stack frames]]>
    </failure>
  </testcase> <!-- @BeforeMethod setUp -->
  <testcase name="@BeforeMethod setUp" time="0.0" classname="com.flipkart.qa.testcase.LoginPageTest">
    <skipped/>
  </testcase> <!-- @BeforeMethod setUp -->
  <testcase name="searchitem" time="0.0" classname="com.flipkart.qa.testcase.HomePageTest">
    <skipped/>
  </testcase> <!-- searchitem -->
  <testcase name="titleTest" time="0.0" classname="com.flipkart.qa.testcase.LoginPageTest">
    <skipped/>
  </testcase> <!-- titleTest -->
  <testcase name="login" time="0.0" classname="com.flipkart.qa.testcase.LoginPageTest">
    <skipped/>
  </testcase> <!-- login -->
</testsuite> <!-- project1test -->
