<?xml version="1.0" encoding="UTF-8"?>
<!-- Generated by org.testng.reporters.JUnitXMLReporter -->
<testsuite hostname="DESKTOP-APBTOIM" ignored="0" name="Command line test" tests="7" failures="0" timestamp="01 Jul 2021 17:21:32 GMT" time="731.798" errors="0">
  <testcase name="@BeforeMethod setUp" time="623.082" classname="com.flipkart.qa.testcase.HomePageTest">
    <failure type="org.openqa.selenium.SessionNotCreatedException" message="session not created
from timeout: Timed out receiving message from renderer: 600.000
  (Session info: chrome=91.0.4472.114)
Build info: version: &amp;apos;3.141.59&amp;apos;, revision: &amp;apos;e82be7d358&amp;apos;, time: &amp;apos;2018-11-14T08:17:03&amp;apos;
System info: host: &amp;apos;DESKTOP-APBTOIM&amp;apos;, ip: &amp;apos;192.168.18.99&amp;apos;, os.name: &amp;apos;Windows 10&amp;apos;, os.arch: &amp;apos;amd64&amp;apos;, os.version: &amp;apos;10.0&amp;apos;, java.version: &amp;apos;1.8.0_291&amp;apos;
Driver info: driver.version: ChromeDriver
remote stacktrace: Backtrace:
	Ordinal0 [0x01193733+2504499]
	Ordinal0 [0x0112C401+2081793]
	Ordinal0 [0x01032628+1058344]
	Ordinal0 [0x01024EBF+1003199]
	Ordinal0 [0x01023EF9+999161]
	Ordinal0 [0x010241B6+999862]
	Ordinal0 [0x01023AA5+998053]
	Ordinal0 [0x0102A6DD+1025757]
	Ordinal0 [0x01023A61+997985]
	Ordinal0 [0x01024986+1001862]
	Ordinal0 [0x01023EF9+999161]
	Ordinal0 [0x010241B6+999862]
	Ordinal0 [0x01023AA5+998053]
	Ordinal0 [0x0102990C+1022220]
	Ordinal0 [0x01023A61+997985]
	Ordinal0 [0x01024986+1001862]
	Ordinal0 [0x01023EF9+999161]
	Ordinal0 [0x010241B6+999862]
	Ordinal0 [0x01023AA5+998053]
	Ordinal0 [0x0101F5DD+980445]
	Ordinal0 [0x01023A61+997985]
	Ordinal0 [0x01023800+997376]
	Ordinal0 [0x01023599+996761]
	Ordinal0 [0x01033830+1062960]
	Ordinal0 [0x0107ABB9+1354681]
	Ordinal0 [0x010797DA+1349594]
	Ordinal0 [0x01075D4B+1334603]
	Ordinal0 [0x010522B4+1188532]
	Ordinal0 [0x01053149+1192265]
	GetHandleVerifier [0x0130FB8C+1512252]
	GetHandleVerifier [0x013BB0DF+2214031]
	GetHandleVerifier [0x01214BC3+484211]
	GetHandleVerifier [0x01213E69+480793]
	Ordinal0 [0x0113218D+2105741]
	Ordinal0 [0x011366E8+2123496]
	Ordinal0 [0x01136827+2123815]
	Ordinal0 [0x0113FB73+2161523]
	BaseThreadInitThunk [0x76EC6359+25]
	RtlGetAppContainerNamedObjectPath [0x77937B74+228]
	RtlGetAppContainerNamedObjectPath [0x77937B44+180]
">
      <![CDATA[org.openqa.selenium.SessionNotCreatedException: session not created
from timeout: Timed out receiving message from renderer: 600.000
  (Session info: chrome=91.0.4472.114)
Build info: version: '3.141.59', revision: 'e82be7d358', time: '2018-11-14T08:17:03'
System info: host: 'DESKTOP-APBTOIM', ip: '192.168.18.99', os.name: 'Windows 10', os.arch: 'amd64', os.version: '10.0', java.version: '1.8.0_291'
Driver info: driver.version: ChromeDriver
remote stacktrace: Backtrace:
	Ordinal0 [0x01193733+2504499]
	Ordinal0 [0x0112C401+2081793]
	Ordinal0 [0x01032628+1058344]
	Ordinal0 [0x01024EBF+1003199]
	Ordinal0 [0x01023EF9+999161]
	Ordinal0 [0x010241B6+999862]
	Ordinal0 [0x01023AA5+998053]
	Ordinal0 [0x0102A6DD+1025757]
	Ordinal0 [0x01023A61+997985]
	Ordinal0 [0x01024986+1001862]
	Ordinal0 [0x01023EF9+999161]
	Ordinal0 [0x010241B6+999862]
	Ordinal0 [0x01023AA5+998053]
	Ordinal0 [0x0102990C+1022220]
	Ordinal0 [0x01023A61+997985]
	Ordinal0 [0x01024986+1001862]
	Ordinal0 [0x01023EF9+999161]
	Ordinal0 [0x010241B6+999862]
	Ordinal0 [0x01023AA5+998053]
	Ordinal0 [0x0101F5DD+980445]
	Ordinal0 [0x01023A61+997985]
	Ordinal0 [0x01023800+997376]
	Ordinal0 [0x01023599+996761]
	Ordinal0 [0x01033830+1062960]
	Ordinal0 [0x0107ABB9+1354681]
	Ordinal0 [0x010797DA+1349594]
	Ordinal0 [0x01075D4B+1334603]
	Ordinal0 [0x010522B4+1188532]
	Ordinal0 [0x01053149+1192265]
	GetHandleVerifier [0x0130FB8C+1512252]
	GetHandleVerifier [0x013BB0DF+2214031]
	GetHandleVerifier [0x01214BC3+484211]
	GetHandleVerifier [0x01213E69+480793]
	Ordinal0 [0x0113218D+2105741]
	Ordinal0 [0x011366E8+2123496]
	Ordinal0 [0x01136827+2123815]
	Ordinal0 [0x0113FB73+2161523]
	BaseThreadInitThunk [0x76EC6359+25]
	RtlGetAppContainerNamedObjectPath [0x77937B74+228]
	RtlGetAppContainerNamedObjectPath [0x77937B44+180]

	at org.openqa.selenium.remote.W3CHandshakeResponse.lambda$errorHandler$0(W3CHandshakeResponse.java:62)
	at org.openqa.selenium.remote.HandshakeResponse.lambda$getResponseFunction$0(HandshakeResponse.java:30)
	at org.openqa.selenium.remote.ProtocolHandshake.lambda$createSession$0(ProtocolHandshake.java:126)
	at java.util.stream.ReferencePipeline$3$1.accept(ReferencePipeline.java:193)
	at java.util.Spliterators$ArraySpliterator.tryAdvance(Spliterators.java:958)
	at java.util.stream.ReferencePipeline.forEachWithCancel(ReferencePipeline.java:126)
	at java.util.stream.AbstractPipeline.copyIntoWithCancel(AbstractPipeline.java:499)
	at java.util.stream.AbstractPipeline.copyInto(AbstractPipeline.java:486)
	at java.util.stream.AbstractPipeline.wrapAndCopyInto(AbstractPipeline.java:472)
	at java.util.stream.FindOps$FindOp.evaluateSequential(FindOps.java:152)
	at java.util.stream.AbstractPipeline.evaluate(AbstractPipeline.java:234)
	at java.util.stream.ReferencePipeline.findFirst(ReferencePipeline.java:464)
	at org.openqa.selenium.remote.ProtocolHandshake.createSession(ProtocolHandshake.java:128)
	at org.openqa.selenium.remote.ProtocolHandshake.createSession(ProtocolHandshake.java:74)
	at org.openqa.selenium.remote.HttpCommandExecutor.execute(HttpCommandExecutor.java:136)
	at org.openqa.selenium.remote.service.DriverCommandExecutor.execute(DriverCommandExecutor.java:83)
	at org.openqa.selenium.remote.RemoteWebDriver.execute(RemoteWebDriver.java:552)
	at org.openqa.selenium.remote.RemoteWebDriver.startSession(RemoteWebDriver.java:213)
	at org.openqa.selenium.remote.RemoteWebDriver.<init>(RemoteWebDriver.java:131)
	at org.openqa.selenium.chrome.ChromeDriver.<init>(ChromeDriver.java:181)
	at org.openqa.selenium.chrome.ChromeDriver.<init>(ChromeDriver.java:168)
	at org.openqa.selenium.chrome.ChromeDriver.<init>(ChromeDriver.java:123)
	at com.flipkart.qa.base.TestBase.initialization(TestBase.java:47)
	at com.flipkart.qa.testcase.HomePageTest.setUp(HomePageTest.java:25)
... Removed 41 stack frames]]>
    </failure>
  </testcase> <!-- @BeforeMethod setUp -->
  <testcase name="@BeforeMethod setUp" time="30.051" classname="com.flipkart.qa.testcase.SearchItemsTest">
    <failure type="org.openqa.selenium.ElementClickInterceptedException" message="element click intercepted: Element &amp;lt;li class=&amp;quot;rgWa7D&amp;quot;&amp;gt;...&amp;lt;/li&amp;gt; is not clickable at point (672, 319). Other element would receive the click: &amp;lt;ul class=&amp;quot;_1xgFaf&amp;quot;&amp;gt;...&amp;lt;/ul&amp;gt;
  (Session info: chrome=91.0.4472.114)
Build info: version: &amp;apos;3.141.59&amp;apos;, revision: &amp;apos;e82be7d358&amp;apos;, time: &amp;apos;2018-11-14T08:17:03&amp;apos;
System info: host: &amp;apos;DESKTOP-APBTOIM&amp;apos;, ip: &amp;apos;192.168.18.99&amp;apos;, os.name: &amp;apos;Windows 10&amp;apos;, os.arch: &amp;apos;amd64&amp;apos;, os.version: &amp;apos;10.0&amp;apos;, java.version: &amp;apos;1.8.0_291&amp;apos;
Driver info: org.openqa.selenium.chrome.ChromeDriver
Capabilities {acceptInsecureCerts: false, browserName: chrome, browserVersion: 91.0.4472.114, chrome: {chromedriverVersion: 91.0.4472.101 (af52a90bf870..., userDataDir: C:\Windows\TEMP\scoped_dir1...}, goog:chromeOptions: {debuggerAddress: localhost:54833}, javascriptEnabled: true, networkConnectionEnabled: false, pageLoadStrategy: normal, platform: WINDOWS, platformName: WINDOWS, proxy: Proxy(), setWindowRect: true, strictFileInteractability: false, timeouts: {implicit: 0, pageLoad: 300000, script: 30000}, unhandledPromptBehavior: dismiss and notify, webauthn:extension:largeBlob: true, webauthn:virtualAuthenticators: true}
Session ID: af02ff1bd4b52857a90887f076dcbfe6">
      <![CDATA[org.openqa.selenium.ElementClickInterceptedException: element click intercepted: Element <li class="rgWa7D">...</li> is not clickable at point (672, 319). Other element would receive the click: <ul class="_1xgFaf">...</ul>
  (Session info: chrome=91.0.4472.114)
Build info: version: '3.141.59', revision: 'e82be7d358', time: '2018-11-14T08:17:03'
System info: host: 'DESKTOP-APBTOIM', ip: '192.168.18.99', os.name: 'Windows 10', os.arch: 'amd64', os.version: '10.0', java.version: '1.8.0_291'
Driver info: org.openqa.selenium.chrome.ChromeDriver
Capabilities {acceptInsecureCerts: false, browserName: chrome, browserVersion: 91.0.4472.114, chrome: {chromedriverVersion: 91.0.4472.101 (af52a90bf870..., userDataDir: C:\Windows\TEMP\scoped_dir1...}, goog:chromeOptions: {debuggerAddress: localhost:54833}, javascriptEnabled: true, networkConnectionEnabled: false, pageLoadStrategy: normal, platform: WINDOWS, platformName: WINDOWS, proxy: Proxy(), setWindowRect: true, strictFileInteractability: false, timeouts: {implicit: 0, pageLoad: 300000, script: 30000}, unhandledPromptBehavior: dismiss and notify, webauthn:extension:largeBlob: true, webauthn:virtualAuthenticators: true}
Session ID: af02ff1bd4b52857a90887f076dcbfe6
	at org.openqa.selenium.remote.http.W3CHttpResponseCodec.createException(W3CHttpResponseCodec.java:187)
	at org.openqa.selenium.remote.http.W3CHttpResponseCodec.decode(W3CHttpResponseCodec.java:122)
	at org.openqa.selenium.remote.http.W3CHttpResponseCodec.decode(W3CHttpResponseCodec.java:49)
	at org.openqa.selenium.remote.HttpCommandExecutor.execute(HttpCommandExecutor.java:158)
	at org.openqa.selenium.remote.service.DriverCommandExecutor.execute(DriverCommandExecutor.java:83)
	at org.openqa.selenium.remote.RemoteWebDriver.execute(RemoteWebDriver.java:552)
	at org.openqa.selenium.remote.RemoteWebElement.execute(RemoteWebElement.java:285)
	at org.openqa.selenium.remote.RemoteWebElement.click(RemoteWebElement.java:84)
	at org.openqa.selenium.support.pagefactory.internal.LocatingElementHandler.invoke(LocatingElementHandler.java:51)
	at com.sun.proxy.$Proxy7.click(Unknown Source)
	at com.flipkart.qa.pages.HomePage.search(HomePage.java:33)
	at com.flipkart.qa.testcase.SearchItemsTest.setUp(SearchItemsTest.java:35)
... Removed 45 stack frames]]>
    </failure>
  </testcase> <!-- @BeforeMethod setUp -->
  <testcase name="@BeforeMethod setUp" time="0.0" classname="com.flipkart.qa.testcase.HomePageTest">
    <skipped/>
  </testcase> <!-- @BeforeMethod setUp -->
  <testcase name="@BeforeMethod setUp" time="0.0" classname="com.flipkart.qa.testcase.SearchItemsTest">
    <skipped/>
  </testcase> <!-- @BeforeMethod setUp -->
  <testcase name="@BeforeMethod setUp" time="26.17" classname="com.flipkart.qa.testcase.PaymentTest">
    <failure type="org.openqa.selenium.ElementClickInterceptedException" message="element click intercepted: Element &amp;lt;li class=&amp;quot;rgWa7D&amp;quot;&amp;gt;...&amp;lt;/li&amp;gt; is not clickable at point (672, 319). Other element would receive the click: &amp;lt;ul class=&amp;quot;_1xgFaf&amp;quot;&amp;gt;...&amp;lt;/ul&amp;gt;
  (Session info: chrome=91.0.4472.114)
Build info: version: &amp;apos;3.141.59&amp;apos;, revision: &amp;apos;e82be7d358&amp;apos;, time: &amp;apos;2018-11-14T08:17:03&amp;apos;
System info: host: &amp;apos;DESKTOP-APBTOIM&amp;apos;, ip: &amp;apos;192.168.18.99&amp;apos;, os.name: &amp;apos;Windows 10&amp;apos;, os.arch: &amp;apos;amd64&amp;apos;, os.version: &amp;apos;10.0&amp;apos;, java.version: &amp;apos;1.8.0_291&amp;apos;
Driver info: org.openqa.selenium.chrome.ChromeDriver
Capabilities {acceptInsecureCerts: false, browserName: chrome, browserVersion: 91.0.4472.114, chrome: {chromedriverVersion: 91.0.4472.101 (af52a90bf870..., userDataDir: C:\Windows\TEMP\scoped_dir6...}, goog:chromeOptions: {debuggerAddress: localhost:54441}, javascriptEnabled: true, networkConnectionEnabled: false, pageLoadStrategy: normal, platform: WINDOWS, platformName: WINDOWS, proxy: Proxy(), setWindowRect: true, strictFileInteractability: false, timeouts: {implicit: 0, pageLoad: 300000, script: 30000}, unhandledPromptBehavior: dismiss and notify, webauthn:extension:largeBlob: true, webauthn:virtualAuthenticators: true}
Session ID: 288483349c4cf6556ef72c8148598802">
      <![CDATA[org.openqa.selenium.ElementClickInterceptedException: element click intercepted: Element <li class="rgWa7D">...</li> is not clickable at point (672, 319). Other element would receive the click: <ul class="_1xgFaf">...</ul>
  (Session info: chrome=91.0.4472.114)
Build info: version: '3.141.59', revision: 'e82be7d358', time: '2018-11-14T08:17:03'
System info: host: 'DESKTOP-APBTOIM', ip: '192.168.18.99', os.name: 'Windows 10', os.arch: 'amd64', os.version: '10.0', java.version: '1.8.0_291'
Driver info: org.openqa.selenium.chrome.ChromeDriver
Capabilities {acceptInsecureCerts: false, browserName: chrome, browserVersion: 91.0.4472.114, chrome: {chromedriverVersion: 91.0.4472.101 (af52a90bf870..., userDataDir: C:\Windows\TEMP\scoped_dir6...}, goog:chromeOptions: {debuggerAddress: localhost:54441}, javascriptEnabled: true, networkConnectionEnabled: false, pageLoadStrategy: normal, platform: WINDOWS, platformName: WINDOWS, proxy: Proxy(), setWindowRect: true, strictFileInteractability: false, timeouts: {implicit: 0, pageLoad: 300000, script: 30000}, unhandledPromptBehavior: dismiss and notify, webauthn:extension:largeBlob: true, webauthn:virtualAuthenticators: true}
Session ID: 288483349c4cf6556ef72c8148598802
	at org.openqa.selenium.remote.http.W3CHttpResponseCodec.createException(W3CHttpResponseCodec.java:187)
	at org.openqa.selenium.remote.http.W3CHttpResponseCodec.decode(W3CHttpResponseCodec.java:122)
	at org.openqa.selenium.remote.http.W3CHttpResponseCodec.decode(W3CHttpResponseCodec.java:49)
	at org.openqa.selenium.remote.HttpCommandExecutor.execute(HttpCommandExecutor.java:158)
	at org.openqa.selenium.remote.service.DriverCommandExecutor.execute(DriverCommandExecutor.java:83)
	at org.openqa.selenium.remote.RemoteWebDriver.execute(RemoteWebDriver.java:552)
	at org.openqa.selenium.remote.RemoteWebElement.execute(RemoteWebElement.java:285)
	at org.openqa.selenium.remote.RemoteWebElement.click(RemoteWebElement.java:84)
	at org.openqa.selenium.support.pagefactory.internal.LocatingElementHandler.invoke(LocatingElementHandler.java:51)
	at com.sun.proxy.$Proxy7.click(Unknown Source)
	at com.flipkart.qa.pages.HomePage.search(HomePage.java:33)
	at com.flipkart.qa.testcase.PaymentTest.setUp(PaymentTest.java:35)
... Removed 45 stack frames]]>
    </failure>
  </testcase> <!-- @BeforeMethod setUp -->
  <testcase name="usernametest" time="0.024" classname="com.flipkart.qa.testcase.HomePageTest">
    <skipped/>
  </testcase> <!-- usernametest -->
  <testcase name="titleTest" time="0.21" classname="com.flipkart.qa.testcase.LoginPageTest"/>
  <testcase name="validatePrice" time="0.0" classname="com.flipkart.qa.testcase.SearchItemsTest">
    <skipped/>
  </testcase> <!-- validatePrice -->
  <testcase name="searchitem" time="0.0" classname="com.flipkart.qa.testcase.HomePageTest">
    <skipped/>
  </testcase> <!-- searchitem -->
  <testcase name="order" time="0.0" classname="com.flipkart.qa.testcase.SearchItemsTest">
    <skipped/>
  </testcase> <!-- order -->
  <testcase name="login" time="0.939" classname="com.flipkart.qa.testcase.LoginPageTest"/>
  <testcase name="getMessage" time="0.0" classname="com.flipkart.qa.testcase.PaymentTest">
    <skipped/>
  </testcase> <!-- getMessage -->
</testsuite> <!-- Command line test -->
