<!DOCTYPE html PUBLIC "-//W3C//DTD XHTML 1.1//EN" "http://www.w3.org/TR/xhtml11/DTD/xhtml11.dtd">
<html xmlns="http://www.w3.org/1999/xhtml"><head><title>TestNG Report</title><style type="text/css">table {margin-bottom:10px;border-collapse:collapse;empty-cells:show}th,td {border:1px solid #009;padding:.25em .5em}th {vertical-align:bottom}td {vertical-align:top}table a {font-weight:bold}.stripe td {background-color: #E6EBF9}.num {text-align:right}.passedodd td {background-color: #3F3}.passedeven td {background-color: #0A0}.skippedodd td {background-color: #DDD}.skippedeven td {background-color: #CCC}.failedodd td,.attn {background-color: #F33}.failedeven td,.stripe .attn {background-color: #D00}.stacktrace {white-space:pre;font-family:monospace}.totop {font-size:85%;text-align:center;border-bottom:2px solid #000}</style></head><body><table><tr><th>Test</th><th># Passed</th><th># Skipped</th><th># Failed</th><th>Time (ms)</th><th>Included Groups</th><th>Excluded Groups</th></tr><tr><th colspan="7">Command line suite</th></tr><tr><td><a href="#t0">Command line test</a></td><td class="num">2</td><td class="num attn">5</td><td class="num">0</td><td class="num">731,798</td><td></td><td></td></tr></table><table id='summary'><thead><tr><th>Class</th><th>Method</th><th>Start</th><th>Time (ms)</th></tr></thead><tbody><tr><th colspan="4">Command line suite</th></tr></tbody><tbody id="t0"><tr><th colspan="4">Command line test &#8212; failed (configuration methods)</th></tr><tr class="failedeven"><td rowspan="1">com.flipkart.qa.testcase.HomePageTest</td><td><a href="#m0">setUp</a></td><td rowspan="1">1625159360270</td><td rowspan="1">623082</td></tr><tr class="failedodd"><td rowspan="1">com.flipkart.qa.testcase.PaymentTest</td><td><a href="#m1">setUp</a></td><td rowspan="1">1625160065854</td><td rowspan="1">26170</td></tr><tr class="failedeven"><td rowspan="1">com.flipkart.qa.testcase.SearchItemsTest</td><td><a href="#m2">setUp</a></td><td rowspan="1">1625160012731</td><td rowspan="1">30051</td></tr><tr><th colspan="4">Command line test &#8212; skipped (configuration methods)</th></tr><tr class="skippedeven"><td rowspan="1">com.flipkart.qa.testcase.HomePageTest</td><td><a href="#m3">setUp</a></td><td rowspan="1">1625160042787</td><td rowspan="1">0</td></tr><tr class="skippedodd"><td rowspan="1">com.flipkart.qa.testcase.SearchItemsTest</td><td><a href="#m4">setUp</a></td><td rowspan="1">1625160042787</td><td rowspan="1">0</td></tr><tr><th colspan="4">Command line test &#8212; skipped</th></tr><tr class="skippedeven"><td rowspan="2">com.flipkart.qa.testcase.HomePageTest</td><td><a href="#m5">searchitem</a></td><td rowspan="1">1625160042787</td><td rowspan="1">0</td></tr><tr class="skippedeven"><td><a href="#m6">usernametest</a></td><td rowspan="1">1625159983462</td><td rowspan="1">24</td></tr><tr class="skippedodd"><td rowspan="1">com.flipkart.qa.testcase.PaymentTest</td><td><a href="#m7">getMessage</a></td><td rowspan="1">1625160092024</td><td rowspan="1">0</td></tr><tr class="skippedeven"><td rowspan="2">com.flipkart.qa.testcase.SearchItemsTest</td><td><a href="#m8">order</a></td><td rowspan="1">1625160042787</td><td rowspan="1">0</td></tr><tr class="skippedeven"><td><a href="#m9">validatePrice</a></td><td rowspan="1">1625160042787</td><td rowspan="1">0</td></tr><tr><th colspan="4">Command line test &#8212; passed</th></tr><tr class="passedeven"><td rowspan="2">com.flipkart.qa.testcase.LoginPageTest</td><td><a href="#m10">login</a></td><td rowspan="1">1625160060042</td><td rowspan="1">939</td></tr><tr class="passedeven"><td><a href="#m11">titleTest</a></td><td rowspan="1">1625160011771</td><td rowspan="1">210</td></tr></tbody></table><h2>Command line test</h2><h3 id="m0">com.flipkart.qa.testcase.HomePageTest#setUp</h3><table class="result"><tr><th>Exception</th></tr><tr><td><div class="stacktrace">org.openqa.selenium.SessionNotCreatedException: session not created
from timeout: Timed out receiving message from renderer: 600.000
  (Session info: chrome=91.0.4472.114)
Build info: version: &apos;3.141.59&apos;, revision: &apos;e82be7d358&apos;, time: &apos;2018-11-14T08:17:03&apos;
System info: host: &apos;DESKTOP-APBTOIM&apos;, ip: &apos;192.168.18.99&apos;, os.name: &apos;Windows 10&apos;, os.arch: &apos;amd64&apos;, os.version: &apos;10.0&apos;, java.version: &apos;1.8.0_291&apos;
Driver info: driver.version: ChromeDriver
remote stacktrace: Backtrace:
	Ordinal0 [0x01193733+2504499]
	Ordinal0 [0x0112C401+2081793]
	Ordinal0 [0x01032628+1058344]
	Ordinal0 [0x01024EBF+1003199]
	Ordinal0 [0x01023EF9+999161]
	Ordinal0 [0x010241B6+999862]
	Ordinal0 [0x01023AA5+998053]
	Ordinal0 [0x0102A6DD+1025757]
	Ordinal0 [0x01023A61+997985]
	Ordinal0 [0x01024986+1001862]
	Ordinal0 [0x01023EF9+999161]
	Ordinal0 [0x010241B6+999862]
	Ordinal0 [0x01023AA5+998053]
	Ordinal0 [0x0102990C+1022220]
	Ordinal0 [0x01023A61+997985]
	Ordinal0 [0x01024986+1001862]
	Ordinal0 [0x01023EF9+999161]
	Ordinal0 [0x010241B6+999862]
	Ordinal0 [0x01023AA5+998053]
	Ordinal0 [0x0101F5DD+980445]
	Ordinal0 [0x01023A61+997985]
	Ordinal0 [0x01023800+997376]
	Ordinal0 [0x01023599+996761]
	Ordinal0 [0x01033830+1062960]
	Ordinal0 [0x0107ABB9+1354681]
	Ordinal0 [0x010797DA+1349594]
	Ordinal0 [0x01075D4B+1334603]
	Ordinal0 [0x010522B4+1188532]
	Ordinal0 [0x01053149+1192265]
	GetHandleVerifier [0x0130FB8C+1512252]
	GetHandleVerifier [0x013BB0DF+2214031]
	GetHandleVerifier [0x01214BC3+484211]
	GetHandleVerifier [0x01213E69+480793]
	Ordinal0 [0x0113218D+2105741]
	Ordinal0 [0x011366E8+2123496]
	Ordinal0 [0x01136827+2123815]
	Ordinal0 [0x0113FB73+2161523]
	BaseThreadInitThunk [0x76EC6359+25]
	RtlGetAppContainerNamedObjectPath [0x77937B74+228]
	RtlGetAppContainerNamedObjectPath [0x77937B44+180]

	at org.openqa.selenium.remote.W3CHandshakeResponse.lambda$errorHandler$0(W3CHandshakeResponse.java:62)
	at org.openqa.selenium.remote.HandshakeResponse.lambda$getResponseFunction$0(HandshakeResponse.java:30)
	at org.openqa.selenium.remote.ProtocolHandshake.lambda$createSession$0(ProtocolHandshake.java:126)
	at java.util.stream.ReferencePipeline$3$1.accept(ReferencePipeline.java:193)
	at java.util.Spliterators$ArraySpliterator.tryAdvance(Spliterators.java:958)
	at java.util.stream.ReferencePipeline.forEachWithCancel(ReferencePipeline.java:126)
	at java.util.stream.AbstractPipeline.copyIntoWithCancel(AbstractPipeline.java:499)
	at java.util.stream.AbstractPipeline.copyInto(AbstractPipeline.java:486)
	at java.util.stream.AbstractPipeline.wrapAndCopyInto(AbstractPipeline.java:472)
	at java.util.stream.FindOps$FindOp.evaluateSequential(FindOps.java:152)
	at java.util.stream.AbstractPipeline.evaluate(AbstractPipeline.java:234)
	at java.util.stream.ReferencePipeline.findFirst(ReferencePipeline.java:464)
	at org.openqa.selenium.remote.ProtocolHandshake.createSession(ProtocolHandshake.java:128)
	at org.openqa.selenium.remote.ProtocolHandshake.createSession(ProtocolHandshake.java:74)
	at org.openqa.selenium.remote.HttpCommandExecutor.execute(HttpCommandExecutor.java:136)
	at org.openqa.selenium.remote.service.DriverCommandExecutor.execute(DriverCommandExecutor.java:83)
	at org.openqa.selenium.remote.RemoteWebDriver.execute(RemoteWebDriver.java:552)
	at org.openqa.selenium.remote.RemoteWebDriver.startSession(RemoteWebDriver.java:213)
	at org.openqa.selenium.remote.RemoteWebDriver.&lt;init&gt;(RemoteWebDriver.java:131)
	at org.openqa.selenium.chrome.ChromeDriver.&lt;init&gt;(ChromeDriver.java:181)
	at org.openqa.selenium.chrome.ChromeDriver.&lt;init&gt;(ChromeDriver.java:168)
	at org.openqa.selenium.chrome.ChromeDriver.&lt;init&gt;(ChromeDriver.java:123)
	at com.flipkart.qa.base.TestBase.initialization(TestBase.java:47)
	at com.flipkart.qa.testcase.HomePageTest.setUp(HomePageTest.java:25)
... Removed 41 stack frames</div></td></tr></table><p class="totop"><a href="#summary">back to summary</a></p><h3 id="m1">com.flipkart.qa.testcase.PaymentTest#setUp</h3><table class="result"><tr><th>Exception</th></tr><tr><td><div class="stacktrace">org.openqa.selenium.ElementClickInterceptedException: element click intercepted: Element &lt;li class=&quot;rgWa7D&quot;&gt;...&lt;/li&gt; is not clickable at point (672, 319). Other element would receive the click: &lt;ul class=&quot;_1xgFaf&quot;&gt;...&lt;/ul&gt;
  (Session info: chrome=91.0.4472.114)
Build info: version: &apos;3.141.59&apos;, revision: &apos;e82be7d358&apos;, time: &apos;2018-11-14T08:17:03&apos;
System info: host: &apos;DESKTOP-APBTOIM&apos;, ip: &apos;192.168.18.99&apos;, os.name: &apos;Windows 10&apos;, os.arch: &apos;amd64&apos;, os.version: &apos;10.0&apos;, java.version: &apos;1.8.0_291&apos;
Driver info: org.openqa.selenium.chrome.ChromeDriver
Capabilities {acceptInsecureCerts: false, browserName: chrome, browserVersion: 91.0.4472.114, chrome: {chromedriverVersion: 91.0.4472.101 (af52a90bf870..., userDataDir: C:\Windows\TEMP\scoped_dir6...}, goog:chromeOptions: {debuggerAddress: localhost:54441}, javascriptEnabled: true, networkConnectionEnabled: false, pageLoadStrategy: normal, platform: WINDOWS, platformName: WINDOWS, proxy: Proxy(), setWindowRect: true, strictFileInteractability: false, timeouts: {implicit: 0, pageLoad: 300000, script: 30000}, unhandledPromptBehavior: dismiss and notify, webauthn:extension:largeBlob: true, webauthn:virtualAuthenticators: true}
Session ID: 288483349c4cf6556ef72c8148598802
	at org.openqa.selenium.remote.http.W3CHttpResponseCodec.createException(W3CHttpResponseCodec.java:187)
	at org.openqa.selenium.remote.http.W3CHttpResponseCodec.decode(W3CHttpResponseCodec.java:122)
	at org.openqa.selenium.remote.http.W3CHttpResponseCodec.decode(W3CHttpResponseCodec.java:49)
	at org.openqa.selenium.remote.HttpCommandExecutor.execute(HttpCommandExecutor.java:158)
	at org.openqa.selenium.remote.service.DriverCommandExecutor.execute(DriverCommandExecutor.java:83)
	at org.openqa.selenium.remote.RemoteWebDriver.execute(RemoteWebDriver.java:552)
	at org.openqa.selenium.remote.RemoteWebElement.execute(RemoteWebElement.java:285)
	at org.openqa.selenium.remote.RemoteWebElement.click(RemoteWebElement.java:84)
	at org.openqa.selenium.support.pagefactory.internal.LocatingElementHandler.invoke(LocatingElementHandler.java:51)
	at com.sun.proxy.$Proxy7.click(Unknown Source)
	at com.flipkart.qa.pages.HomePage.search(HomePage.java:33)
	at com.flipkart.qa.testcase.PaymentTest.setUp(PaymentTest.java:35)
... Removed 45 stack frames</div></td></tr></table><p class="totop"><a href="#summary">back to summary</a></p><h3 id="m2">com.flipkart.qa.testcase.SearchItemsTest#setUp</h3><table class="result"><tr><th>Exception</th></tr><tr><td><div class="stacktrace">org.openqa.selenium.ElementClickInterceptedException: element click intercepted: Element &lt;li class=&quot;rgWa7D&quot;&gt;...&lt;/li&gt; is not clickable at point (672, 319). Other element would receive the click: &lt;ul class=&quot;_1xgFaf&quot;&gt;...&lt;/ul&gt;
  (Session info: chrome=91.0.4472.114)
Build info: version: &apos;3.141.59&apos;, revision: &apos;e82be7d358&apos;, time: &apos;2018-11-14T08:17:03&apos;
System info: host: &apos;DESKTOP-APBTOIM&apos;, ip: &apos;192.168.18.99&apos;, os.name: &apos;Windows 10&apos;, os.arch: &apos;amd64&apos;, os.version: &apos;10.0&apos;, java.version: &apos;1.8.0_291&apos;
Driver info: org.openqa.selenium.chrome.ChromeDriver
Capabilities {acceptInsecureCerts: false, browserName: chrome, browserVersion: 91.0.4472.114, chrome: {chromedriverVersion: 91.0.4472.101 (af52a90bf870..., userDataDir: C:\Windows\TEMP\scoped_dir1...}, goog:chromeOptions: {debuggerAddress: localhost:54833}, javascriptEnabled: true, networkConnectionEnabled: false, pageLoadStrategy: normal, platform: WINDOWS, platformName: WINDOWS, proxy: Proxy(), setWindowRect: true, strictFileInteractability: false, timeouts: {implicit: 0, pageLoad: 300000, script: 30000}, unhandledPromptBehavior: dismiss and notify, webauthn:extension:largeBlob: true, webauthn:virtualAuthenticators: true}
Session ID: af02ff1bd4b52857a90887f076dcbfe6
	at org.openqa.selenium.remote.http.W3CHttpResponseCodec.createException(W3CHttpResponseCodec.java:187)
	at org.openqa.selenium.remote.http.W3CHttpResponseCodec.decode(W3CHttpResponseCodec.java:122)
	at org.openqa.selenium.remote.http.W3CHttpResponseCodec.decode(W3CHttpResponseCodec.java:49)
	at org.openqa.selenium.remote.HttpCommandExecutor.execute(HttpCommandExecutor.java:158)
	at org.openqa.selenium.remote.service.DriverCommandExecutor.execute(DriverCommandExecutor.java:83)
	at org.openqa.selenium.remote.RemoteWebDriver.execute(RemoteWebDriver.java:552)
	at org.openqa.selenium.remote.RemoteWebElement.execute(RemoteWebElement.java:285)
	at org.openqa.selenium.remote.RemoteWebElement.click(RemoteWebElement.java:84)
	at org.openqa.selenium.support.pagefactory.internal.LocatingElementHandler.invoke(LocatingElementHandler.java:51)
	at com.sun.proxy.$Proxy7.click(Unknown Source)
	at com.flipkart.qa.pages.HomePage.search(HomePage.java:33)
	at com.flipkart.qa.testcase.SearchItemsTest.setUp(SearchItemsTest.java:35)
... Removed 45 stack frames</div></td></tr></table><p class="totop"><a href="#summary">back to summary</a></p><h3 id="m3">com.flipkart.qa.testcase.HomePageTest#setUp</h3><table class="result"></table><p class="totop"><a href="#summary">back to summary</a></p><h3 id="m4">com.flipkart.qa.testcase.SearchItemsTest#setUp</h3><table class="result"></table><p class="totop"><a href="#summary">back to summary</a></p><h3 id="m5">com.flipkart.qa.testcase.HomePageTest#searchitem</h3><table class="result"><tr><th>Exception</th></tr><tr><td><div class="stacktrace">org.openqa.selenium.SessionNotCreatedException: session not created
from timeout: Timed out receiving message from renderer: 600.000
  (Session info: chrome=91.0.4472.114)
Build info: version: &apos;3.141.59&apos;, revision: &apos;e82be7d358&apos;, time: &apos;2018-11-14T08:17:03&apos;
System info: host: &apos;DESKTOP-APBTOIM&apos;, ip: &apos;192.168.18.99&apos;, os.name: &apos;Windows 10&apos;, os.arch: &apos;amd64&apos;, os.version: &apos;10.0&apos;, java.version: &apos;1.8.0_291&apos;
Driver info: driver.version: ChromeDriver
remote stacktrace: Backtrace:
	Ordinal0 [0x01193733+2504499]
	Ordinal0 [0x0112C401+2081793]
	Ordinal0 [0x01032628+1058344]
	Ordinal0 [0x01024EBF+1003199]
	Ordinal0 [0x01023EF9+999161]
	Ordinal0 [0x010241B6+999862]
	Ordinal0 [0x01023AA5+998053]
	Ordinal0 [0x0102A6DD+1025757]
	Ordinal0 [0x01023A61+997985]
	Ordinal0 [0x01024986+1001862]
	Ordinal0 [0x01023EF9+999161]
	Ordinal0 [0x010241B6+999862]
	Ordinal0 [0x01023AA5+998053]
	Ordinal0 [0x0102990C+1022220]
	Ordinal0 [0x01023A61+997985]
	Ordinal0 [0x01024986+1001862]
	Ordinal0 [0x01023EF9+999161]
	Ordinal0 [0x010241B6+999862]
	Ordinal0 [0x01023AA5+998053]
	Ordinal0 [0x0101F5DD+980445]
	Ordinal0 [0x01023A61+997985]
	Ordinal0 [0x01023800+997376]
	Ordinal0 [0x01023599+996761]
	Ordinal0 [0x01033830+1062960]
	Ordinal0 [0x0107ABB9+1354681]
	Ordinal0 [0x010797DA+1349594]
	Ordinal0 [0x01075D4B+1334603]
	Ordinal0 [0x010522B4+1188532]
	Ordinal0 [0x01053149+1192265]
	GetHandleVerifier [0x0130FB8C+1512252]
	GetHandleVerifier [0x013BB0DF+2214031]
	GetHandleVerifier [0x01214BC3+484211]
	GetHandleVerifier [0x01213E69+480793]
	Ordinal0 [0x0113218D+2105741]
	Ordinal0 [0x011366E8+2123496]
	Ordinal0 [0x01136827+2123815]
	Ordinal0 [0x0113FB73+2161523]
	BaseThreadInitThunk [0x76EC6359+25]
	RtlGetAppContainerNamedObjectPath [0x77937B74+228]
	RtlGetAppContainerNamedObjectPath [0x77937B44+180]

	at org.openqa.selenium.remote.W3CHandshakeResponse.lambda$errorHandler$0(W3CHandshakeResponse.java:62)
	at org.openqa.selenium.remote.HandshakeResponse.lambda$getResponseFunction$0(HandshakeResponse.java:30)
	at org.openqa.selenium.remote.ProtocolHandshake.lambda$createSession$0(ProtocolHandshake.java:126)
	at java.util.stream.ReferencePipeline$3$1.accept(ReferencePipeline.java:193)
	at java.util.Spliterators$ArraySpliterator.tryAdvance(Spliterators.java:958)
	at java.util.stream.ReferencePipeline.forEachWithCancel(ReferencePipeline.java:126)
	at java.util.stream.AbstractPipeline.copyIntoWithCancel(AbstractPipeline.java:499)
	at java.util.stream.AbstractPipeline.copyInto(AbstractPipeline.java:486)
	at java.util.stream.AbstractPipeline.wrapAndCopyInto(AbstractPipeline.java:472)
	at java.util.stream.FindOps$FindOp.evaluateSequential(FindOps.java:152)
	at java.util.stream.AbstractPipeline.evaluate(AbstractPipeline.java:234)
	at java.util.stream.ReferencePipeline.findFirst(ReferencePipeline.java:464)
	at org.openqa.selenium.remote.ProtocolHandshake.createSession(ProtocolHandshake.java:128)
	at org.openqa.selenium.remote.ProtocolHandshake.createSession(ProtocolHandshake.java:74)
	at org.openqa.selenium.remote.HttpCommandExecutor.execute(HttpCommandExecutor.java:136)
	at org.openqa.selenium.remote.service.DriverCommandExecutor.execute(DriverCommandExecutor.java:83)
	at org.openqa.selenium.remote.RemoteWebDriver.execute(RemoteWebDriver.java:552)
	at org.openqa.selenium.remote.RemoteWebDriver.startSession(RemoteWebDriver.java:213)
	at org.openqa.selenium.remote.RemoteWebDriver.&lt;init&gt;(RemoteWebDriver.java:131)
	at org.openqa.selenium.chrome.ChromeDriver.&lt;init&gt;(ChromeDriver.java:181)
	at org.openqa.selenium.chrome.ChromeDriver.&lt;init&gt;(ChromeDriver.java:168)
	at org.openqa.selenium.chrome.ChromeDriver.&lt;init&gt;(ChromeDriver.java:123)
	at com.flipkart.qa.base.TestBase.initialization(TestBase.java:47)
	at com.flipkart.qa.testcase.HomePageTest.setUp(HomePageTest.java:25)
... Removed 41 stack frames</div></td></tr></table><p class="totop"><a href="#summary">back to summary</a></p><h3 id="m6">com.flipkart.qa.testcase.HomePageTest#usernametest</h3><table class="result"><tr><th>Exception</th></tr><tr><td><div class="stacktrace">org.openqa.selenium.SessionNotCreatedException: session not created
from timeout: Timed out receiving message from renderer: 600.000
  (Session info: chrome=91.0.4472.114)
Build info: version: &apos;3.141.59&apos;, revision: &apos;e82be7d358&apos;, time: &apos;2018-11-14T08:17:03&apos;
System info: host: &apos;DESKTOP-APBTOIM&apos;, ip: &apos;192.168.18.99&apos;, os.name: &apos;Windows 10&apos;, os.arch: &apos;amd64&apos;, os.version: &apos;10.0&apos;, java.version: &apos;1.8.0_291&apos;
Driver info: driver.version: ChromeDriver
remote stacktrace: Backtrace:
	Ordinal0 [0x01193733+2504499]
	Ordinal0 [0x0112C401+2081793]
	Ordinal0 [0x01032628+1058344]
	Ordinal0 [0x01024EBF+1003199]
	Ordinal0 [0x01023EF9+999161]
	Ordinal0 [0x010241B6+999862]
	Ordinal0 [0x01023AA5+998053]
	Ordinal0 [0x0102A6DD+1025757]
	Ordinal0 [0x01023A61+997985]
	Ordinal0 [0x01024986+1001862]
	Ordinal0 [0x01023EF9+999161]
	Ordinal0 [0x010241B6+999862]
	Ordinal0 [0x01023AA5+998053]
	Ordinal0 [0x0102990C+1022220]
	Ordinal0 [0x01023A61+997985]
	Ordinal0 [0x01024986+1001862]
	Ordinal0 [0x01023EF9+999161]
	Ordinal0 [0x010241B6+999862]
	Ordinal0 [0x01023AA5+998053]
	Ordinal0 [0x0101F5DD+980445]
	Ordinal0 [0x01023A61+997985]
	Ordinal0 [0x01023800+997376]
	Ordinal0 [0x01023599+996761]
	Ordinal0 [0x01033830+1062960]
	Ordinal0 [0x0107ABB9+1354681]
	Ordinal0 [0x010797DA+1349594]
	Ordinal0 [0x01075D4B+1334603]
	Ordinal0 [0x010522B4+1188532]
	Ordinal0 [0x01053149+1192265]
	GetHandleVerifier [0x0130FB8C+1512252]
	GetHandleVerifier [0x013BB0DF+2214031]
	GetHandleVerifier [0x01214BC3+484211]
	GetHandleVerifier [0x01213E69+480793]
	Ordinal0 [0x0113218D+2105741]
	Ordinal0 [0x011366E8+2123496]
	Ordinal0 [0x01136827+2123815]
	Ordinal0 [0x0113FB73+2161523]
	BaseThreadInitThunk [0x76EC6359+25]
	RtlGetAppContainerNamedObjectPath [0x77937B74+228]
	RtlGetAppContainerNamedObjectPath [0x77937B44+180]

	at org.openqa.selenium.remote.W3CHandshakeResponse.lambda$errorHandler$0(W3CHandshakeResponse.java:62)
	at org.openqa.selenium.remote.HandshakeResponse.lambda$getResponseFunction$0(HandshakeResponse.java:30)
	at org.openqa.selenium.remote.ProtocolHandshake.lambda$createSession$0(ProtocolHandshake.java:126)
	at java.util.stream.ReferencePipeline$3$1.accept(ReferencePipeline.java:193)
	at java.util.Spliterators$ArraySpliterator.tryAdvance(Spliterators.java:958)
	at java.util.stream.ReferencePipeline.forEachWithCancel(ReferencePipeline.java:126)
	at java.util.stream.AbstractPipeline.copyIntoWithCancel(AbstractPipeline.java:499)
	at java.util.stream.AbstractPipeline.copyInto(AbstractPipeline.java:486)
	at java.util.stream.AbstractPipeline.wrapAndCopyInto(AbstractPipeline.java:472)
	at java.util.stream.FindOps$FindOp.evaluateSequential(FindOps.java:152)
	at java.util.stream.AbstractPipeline.evaluate(AbstractPipeline.java:234)
	at java.util.stream.ReferencePipeline.findFirst(ReferencePipeline.java:464)
	at org.openqa.selenium.remote.ProtocolHandshake.createSession(ProtocolHandshake.java:128)
	at org.openqa.selenium.remote.ProtocolHandshake.createSession(ProtocolHandshake.java:74)
	at org.openqa.selenium.remote.HttpCommandExecutor.execute(HttpCommandExecutor.java:136)
	at org.openqa.selenium.remote.service.DriverCommandExecutor.execute(DriverCommandExecutor.java:83)
	at org.openqa.selenium.remote.RemoteWebDriver.execute(RemoteWebDriver.java:552)
	at org.openqa.selenium.remote.RemoteWebDriver.startSession(RemoteWebDriver.java:213)
	at org.openqa.selenium.remote.RemoteWebDriver.&lt;init&gt;(RemoteWebDriver.java:131)
	at org.openqa.selenium.chrome.ChromeDriver.&lt;init&gt;(ChromeDriver.java:181)
	at org.openqa.selenium.chrome.ChromeDriver.&lt;init&gt;(ChromeDriver.java:168)
	at org.openqa.selenium.chrome.ChromeDriver.&lt;init&gt;(ChromeDriver.java:123)
	at com.flipkart.qa.base.TestBase.initialization(TestBase.java:47)
	at com.flipkart.qa.testcase.HomePageTest.setUp(HomePageTest.java:25)
... Removed 41 stack frames</div></td></tr></table><p class="totop"><a href="#summary">back to summary</a></p><h3 id="m7">com.flipkart.qa.testcase.PaymentTest#getMessage</h3><table class="result"><tr><th>Exception</th></tr><tr><td><div class="stacktrace">org.openqa.selenium.ElementClickInterceptedException: element click intercepted: Element &lt;li class=&quot;rgWa7D&quot;&gt;...&lt;/li&gt; is not clickable at point (672, 319). Other element would receive the click: &lt;ul class=&quot;_1xgFaf&quot;&gt;...&lt;/ul&gt;
  (Session info: chrome=91.0.4472.114)
Build info: version: &apos;3.141.59&apos;, revision: &apos;e82be7d358&apos;, time: &apos;2018-11-14T08:17:03&apos;
System info: host: &apos;DESKTOP-APBTOIM&apos;, ip: &apos;192.168.18.99&apos;, os.name: &apos;Windows 10&apos;, os.arch: &apos;amd64&apos;, os.version: &apos;10.0&apos;, java.version: &apos;1.8.0_291&apos;
Driver info: org.openqa.selenium.chrome.ChromeDriver
Capabilities {acceptInsecureCerts: false, browserName: chrome, browserVersion: 91.0.4472.114, chrome: {chromedriverVersion: 91.0.4472.101 (af52a90bf870..., userDataDir: C:\Windows\TEMP\scoped_dir6...}, goog:chromeOptions: {debuggerAddress: localhost:54441}, javascriptEnabled: true, networkConnectionEnabled: false, pageLoadStrategy: normal, platform: WINDOWS, platformName: WINDOWS, proxy: Proxy(), setWindowRect: true, strictFileInteractability: false, timeouts: {implicit: 0, pageLoad: 300000, script: 30000}, unhandledPromptBehavior: dismiss and notify, webauthn:extension:largeBlob: true, webauthn:virtualAuthenticators: true}
Session ID: 288483349c4cf6556ef72c8148598802
	at org.openqa.selenium.remote.http.W3CHttpResponseCodec.createException(W3CHttpResponseCodec.java:187)
	at org.openqa.selenium.remote.http.W3CHttpResponseCodec.decode(W3CHttpResponseCodec.java:122)
	at org.openqa.selenium.remote.http.W3CHttpResponseCodec.decode(W3CHttpResponseCodec.java:49)
	at org.openqa.selenium.remote.HttpCommandExecutor.execute(HttpCommandExecutor.java:158)
	at org.openqa.selenium.remote.service.DriverCommandExecutor.execute(DriverCommandExecutor.java:83)
	at org.openqa.selenium.remote.RemoteWebDriver.execute(RemoteWebDriver.java:552)
	at org.openqa.selenium.remote.RemoteWebElement.execute(RemoteWebElement.java:285)
	at org.openqa.selenium.remote.RemoteWebElement.click(RemoteWebElement.java:84)
	at org.openqa.selenium.support.pagefactory.internal.LocatingElementHandler.invoke(LocatingElementHandler.java:51)
	at com.sun.proxy.$Proxy7.click(Unknown Source)
	at com.flipkart.qa.pages.HomePage.search(HomePage.java:33)
	at com.flipkart.qa.testcase.PaymentTest.setUp(PaymentTest.java:35)
... Removed 45 stack frames</div></td></tr></table><p class="totop"><a href="#summary">back to summary</a></p><h3 id="m8">com.flipkart.qa.testcase.SearchItemsTest#order</h3><table class="result"><tr><th>Exception</th></tr><tr><td><div class="stacktrace">org.openqa.selenium.ElementClickInterceptedException: element click intercepted: Element &lt;li class=&quot;rgWa7D&quot;&gt;...&lt;/li&gt; is not clickable at point (672, 319). Other element would receive the click: &lt;ul class=&quot;_1xgFaf&quot;&gt;...&lt;/ul&gt;
  (Session info: chrome=91.0.4472.114)
Build info: version: &apos;3.141.59&apos;, revision: &apos;e82be7d358&apos;, time: &apos;2018-11-14T08:17:03&apos;
System info: host: &apos;DESKTOP-APBTOIM&apos;, ip: &apos;192.168.18.99&apos;, os.name: &apos;Windows 10&apos;, os.arch: &apos;amd64&apos;, os.version: &apos;10.0&apos;, java.version: &apos;1.8.0_291&apos;
Driver info: org.openqa.selenium.chrome.ChromeDriver
Capabilities {acceptInsecureCerts: false, browserName: chrome, browserVersion: 91.0.4472.114, chrome: {chromedriverVersion: 91.0.4472.101 (af52a90bf870..., userDataDir: C:\Windows\TEMP\scoped_dir1...}, goog:chromeOptions: {debuggerAddress: localhost:54833}, javascriptEnabled: true, networkConnectionEnabled: false, pageLoadStrategy: normal, platform: WINDOWS, platformName: WINDOWS, proxy: Proxy(), setWindowRect: true, strictFileInteractability: false, timeouts: {implicit: 0, pageLoad: 300000, script: 30000}, unhandledPromptBehavior: dismiss and notify, webauthn:extension:largeBlob: true, webauthn:virtualAuthenticators: true}
Session ID: af02ff1bd4b52857a90887f076dcbfe6
	at org.openqa.selenium.remote.http.W3CHttpResponseCodec.createException(W3CHttpResponseCodec.java:187)
	at org.openqa.selenium.remote.http.W3CHttpResponseCodec.decode(W3CHttpResponseCodec.java:122)
	at org.openqa.selenium.remote.http.W3CHttpResponseCodec.decode(W3CHttpResponseCodec.java:49)
	at org.openqa.selenium.remote.HttpCommandExecutor.execute(HttpCommandExecutor.java:158)
	at org.openqa.selenium.remote.service.DriverCommandExecutor.execute(DriverCommandExecutor.java:83)
	at org.openqa.selenium.remote.RemoteWebDriver.execute(RemoteWebDriver.java:552)
	at org.openqa.selenium.remote.RemoteWebElement.execute(RemoteWebElement.java:285)
	at org.openqa.selenium.remote.RemoteWebElement.click(RemoteWebElement.java:84)
	at org.openqa.selenium.support.pagefactory.internal.LocatingElementHandler.invoke(LocatingElementHandler.java:51)
	at com.sun.proxy.$Proxy7.click(Unknown Source)
	at com.flipkart.qa.pages.HomePage.search(HomePage.java:33)
	at com.flipkart.qa.testcase.SearchItemsTest.setUp(SearchItemsTest.java:35)
... Removed 45 stack frames</div></td></tr></table><p class="totop"><a href="#summary">back to summary</a></p><h3 id="m9">com.flipkart.qa.testcase.SearchItemsTest#validatePrice</h3><table class="result"><tr><th>Exception</th></tr><tr><td><div class="stacktrace">org.openqa.selenium.ElementClickInterceptedException: element click intercepted: Element &lt;li class=&quot;rgWa7D&quot;&gt;...&lt;/li&gt; is not clickable at point (672, 319). Other element would receive the click: &lt;ul class=&quot;_1xgFaf&quot;&gt;...&lt;/ul&gt;
  (Session info: chrome=91.0.4472.114)
Build info: version: &apos;3.141.59&apos;, revision: &apos;e82be7d358&apos;, time: &apos;2018-11-14T08:17:03&apos;
System info: host: &apos;DESKTOP-APBTOIM&apos;, ip: &apos;192.168.18.99&apos;, os.name: &apos;Windows 10&apos;, os.arch: &apos;amd64&apos;, os.version: &apos;10.0&apos;, java.version: &apos;1.8.0_291&apos;
Driver info: org.openqa.selenium.chrome.ChromeDriver
Capabilities {acceptInsecureCerts: false, browserName: chrome, browserVersion: 91.0.4472.114, chrome: {chromedriverVersion: 91.0.4472.101 (af52a90bf870..., userDataDir: C:\Windows\TEMP\scoped_dir1...}, goog:chromeOptions: {debuggerAddress: localhost:54833}, javascriptEnabled: true, networkConnectionEnabled: false, pageLoadStrategy: normal, platform: WINDOWS, platformName: WINDOWS, proxy: Proxy(), setWindowRect: true, strictFileInteractability: false, timeouts: {implicit: 0, pageLoad: 300000, script: 30000}, unhandledPromptBehavior: dismiss and notify, webauthn:extension:largeBlob: true, webauthn:virtualAuthenticators: true}
Session ID: af02ff1bd4b52857a90887f076dcbfe6
	at org.openqa.selenium.remote.http.W3CHttpResponseCodec.createException(W3CHttpResponseCodec.java:187)
	at org.openqa.selenium.remote.http.W3CHttpResponseCodec.decode(W3CHttpResponseCodec.java:122)
	at org.openqa.selenium.remote.http.W3CHttpResponseCodec.decode(W3CHttpResponseCodec.java:49)
	at org.openqa.selenium.remote.HttpCommandExecutor.execute(HttpCommandExecutor.java:158)
	at org.openqa.selenium.remote.service.DriverCommandExecutor.execute(DriverCommandExecutor.java:83)
	at org.openqa.selenium.remote.RemoteWebDriver.execute(RemoteWebDriver.java:552)
	at org.openqa.selenium.remote.RemoteWebElement.execute(RemoteWebElement.java:285)
	at org.openqa.selenium.remote.RemoteWebElement.click(RemoteWebElement.java:84)
	at org.openqa.selenium.support.pagefactory.internal.LocatingElementHandler.invoke(LocatingElementHandler.java:51)
	at com.sun.proxy.$Proxy7.click(Unknown Source)
	at com.flipkart.qa.pages.HomePage.search(HomePage.java:33)
	at com.flipkart.qa.testcase.SearchItemsTest.setUp(SearchItemsTest.java:35)
... Removed 45 stack frames</div></td></tr></table><p class="totop"><a href="#summary">back to summary</a></p><h3 id="m10">com.flipkart.qa.testcase.LoginPageTest#login</h3><table class="result"></table><p class="totop"><a href="#summary">back to summary</a></p><h3 id="m11">com.flipkart.qa.testcase.LoginPageTest#titleTest</h3><table class="result"></table><p class="totop"><a href="#summary">back to summary</a></p></body></html>