<?xml version="1.0" encoding="UTF-8"?>
<!-- Generated by org.testng.reporters.JUnitReportReporter -->
<testsuite skipped="2" hostname="DESKTOP-APBTOIM" name="com.flipkart.qa.testcase.HomePageTest" tests="3" failures="0" timestamp="01 Jul 2021 17:21:33 GMT" time="623.106" errors="1">
  <testcase name="setUp" time="623.082" classname="com.flipkart.qa.testcase.HomePageTest">
    <error type="org.openqa.selenium.SessionNotCreatedException" message="session not created
from timeout: Timed out receiving message from renderer: 600.000
  (Session info: chrome=91.0.4472.114)
Build info: version: &#039;3.141.59&#039;, revision: &#039;e82be7d358&#039;, time: &#039;2018-11-14T08:17:03&#039;
System info: host: &#039;DESKTOP-APBTOIM&#039;, ip: &#039;192.168.18.99&#039;, os.name: &#039;Windows 10&#039;, os.arch: &#039;amd64&#039;, os.version: &#039;10.0&#039;, java.version: &#039;1.8.0_291&#039;
Driver info: driver.version: ChromeDriver
remote stacktrace: Backtrace:
	Ordinal0 [0x01193733+2504499]
	Ordinal0 [0x0112C401+2081793]
	Ordinal0 [0x01032628+1058344]
	Ordinal0 [0x01024EBF+1003199]
	Ordinal0 [0x01023EF9+999161]
	Ordinal0 [0x010241B6+999862]
	Ordinal0 [0x01023AA5+998053]
	Ordinal0 [0x0102A6DD+1025757]
	Ordinal0 [0x01023A61+997985]
	Ordinal0 [0x01024986+1001862]
	Ordinal0 [0x01023EF9+999161]
	Ordinal0 [0x010241B6+999862]
	Ordinal0 [0x01023AA5+998053]
	Ordinal0 [0x0102990C+1022220]
	Ordinal0 [0x01023A61+997985]
	Ordinal0 [0x01024986+1001862]
	Ordinal0 [0x01023EF9+999161]
	Ordinal0 [0x010241B6+999862]
	Ordinal0 [0x01023AA5+998053]
	Ordinal0 [0x0101F5DD+980445]
	Ordinal0 [0x01023A61+997985]
	Ordinal0 [0x01023800+997376]
	Ordinal0 [0x01023599+996761]
	Ordinal0 [0x01033830+1062960]
	Ordinal0 [0x0107ABB9+1354681]
	Ordinal0 [0x010797DA+1349594]
	Ordinal0 [0x01075D4B+1334603]
	Ordinal0 [0x010522B4+1188532]
	Ordinal0 [0x01053149+1192265]
	GetHandleVerifier [0x0130FB8C+1512252]
	GetHandleVerifier [0x013BB0DF+2214031]
	GetHandleVerifier [0x01214BC3+484211]
	GetHandleVerifier [0x01213E69+480793]
	Ordinal0 [0x0113218D+2105741]
	Ordinal0 [0x011366E8+2123496]
	Ordinal0 [0x01136827+2123815]
	Ordinal0 [0x0113FB73+2161523]
	BaseThreadInitThunk [0x76EC6359+25]
	RtlGetAppContainerNamedObjectPath [0x77937B74+228]
	RtlGetAppContainerNamedObjectPath [0x77937B44+180]
">
      <![CDATA[org.openqa.selenium.SessionNotCreatedException: session not created
from timeout: Timed out receiving message from renderer: 600.000
  (Session info: chrome=91.0.4472.114)
Build info: version: '3.141.59', revision: 'e82be7d358', time: '2018-11-14T08:17:03'
System info: host: 'DESKTOP-APBTOIM', ip: '192.168.18.99', os.name: 'Windows 10', os.arch: 'amd64', os.version: '10.0', java.version: '1.8.0_291'
Driver info: driver.version: ChromeDriver
remote stacktrace: Backtrace:
	Ordinal0 [0x01193733+2504499]
	Ordinal0 [0x0112C401+2081793]
	Ordinal0 [0x01032628+1058344]
	Ordinal0 [0x01024EBF+1003199]
	Ordinal0 [0x01023EF9+999161]
	Ordinal0 [0x010241B6+999862]
	Ordinal0 [0x01023AA5+998053]
	Ordinal0 [0x0102A6DD+1025757]
	Ordinal0 [0x01023A61+997985]
	Ordinal0 [0x01024986+1001862]
	Ordinal0 [0x01023EF9+999161]
	Ordinal0 [0x010241B6+999862]
	Ordinal0 [0x01023AA5+998053]
	Ordinal0 [0x0102990C+1022220]
	Ordinal0 [0x01023A61+997985]
	Ordinal0 [0x01024986+1001862]
	Ordinal0 [0x01023EF9+999161]
	Ordinal0 [0x010241B6+999862]
	Ordinal0 [0x01023AA5+998053]
	Ordinal0 [0x0101F5DD+980445]
	Ordinal0 [0x01023A61+997985]
	Ordinal0 [0x01023800+997376]
	Ordinal0 [0x01023599+996761]
	Ordinal0 [0x01033830+1062960]
	Ordinal0 [0x0107ABB9+1354681]
	Ordinal0 [0x010797DA+1349594]
	Ordinal0 [0x01075D4B+1334603]
	Ordinal0 [0x010522B4+1188532]
	Ordinal0 [0x01053149+1192265]
	GetHandleVerifier [0x0130FB8C+1512252]
	GetHandleVerifier [0x013BB0DF+2214031]
	GetHandleVerifier [0x01214BC3+484211]
	GetHandleVerifier [0x01213E69+480793]
	Ordinal0 [0x0113218D+2105741]
	Ordinal0 [0x011366E8+2123496]
	Ordinal0 [0x01136827+2123815]
	Ordinal0 [0x0113FB73+2161523]
	BaseThreadInitThunk [0x76EC6359+25]
	RtlGetAppContainerNamedObjectPath [0x77937B74+228]
	RtlGetAppContainerNamedObjectPath [0x77937B44+180]

	at sun.reflect.NativeConstructorAccessorImpl.newInstance0(Native Method)
	at sun.reflect.NativeConstructorAccessorImpl.newInstance(NativeConstructorAccessorImpl.java:62)
	at sun.reflect.DelegatingConstructorAccessorImpl.newInstance(DelegatingConstructorAccessorImpl.java:45)
	at java.lang.reflect.Constructor.newInstance(Constructor.java:423)
	at org.openqa.selenium.remote.W3CHandshakeResponse.lambda$errorHandler$0(W3CHandshakeResponse.java:62)
	at org.openqa.selenium.remote.HandshakeResponse.lambda$getResponseFunction$0(HandshakeResponse.java:30)
	at org.openqa.selenium.remote.ProtocolHandshake.lambda$createSession$0(ProtocolHandshake.java:126)
	at java.util.stream.ReferencePipeline$3$1.accept(ReferencePipeline.java:193)
	at java.util.Spliterators$ArraySpliterator.tryAdvance(Spliterators.java:958)
	at java.util.stream.ReferencePipeline.forEachWithCancel(ReferencePipeline.java:126)
	at java.util.stream.AbstractPipeline.copyIntoWithCancel(AbstractPipeline.java:499)
	at java.util.stream.AbstractPipeline.copyInto(AbstractPipeline.java:486)
	at java.util.stream.AbstractPipeline.wrapAndCopyInto(AbstractPipeline.java:472)
	at java.util.stream.FindOps$FindOp.evaluateSequential(FindOps.java:152)
	at java.util.stream.AbstractPipeline.evaluate(AbstractPipeline.java:234)
	at java.util.stream.ReferencePipeline.findFirst(ReferencePipeline.java:464)
	at org.openqa.selenium.remote.ProtocolHandshake.createSession(ProtocolHandshake.java:128)
	at org.openqa.selenium.remote.ProtocolHandshake.createSession(ProtocolHandshake.java:74)
	at org.openqa.selenium.remote.HttpCommandExecutor.execute(HttpCommandExecutor.java:136)
	at org.openqa.selenium.remote.service.DriverCommandExecutor.execute(DriverCommandExecutor.java:83)
	at org.openqa.selenium.remote.RemoteWebDriver.execute(RemoteWebDriver.java:552)
	at org.openqa.selenium.remote.RemoteWebDriver.startSession(RemoteWebDriver.java:213)
	at org.openqa.selenium.remote.RemoteWebDriver.<init>(RemoteWebDriver.java:131)
	at org.openqa.selenium.chrome.ChromeDriver.<init>(ChromeDriver.java:181)
	at org.openqa.selenium.chrome.ChromeDriver.<init>(ChromeDriver.java:168)
	at org.openqa.selenium.chrome.ChromeDriver.<init>(ChromeDriver.java:123)
	at com.flipkart.qa.base.TestBase.initialization(TestBase.java:47)
	at com.flipkart.qa.testcase.HomePageTest.setUp(HomePageTest.java:25)
	at sun.reflect.NativeMethodAccessorImpl.invoke0(Native Method)
	at sun.reflect.NativeMethodAccessorImpl.invoke(NativeMethodAccessorImpl.java:62)
	at sun.reflect.DelegatingMethodAccessorImpl.invoke(DelegatingMethodAccessorImpl.java:43)
	at java.lang.reflect.Method.invoke(Method.java:498)
	at org.testng.internal.MethodInvocationHelper.invokeMethod(MethodInvocationHelper.java:108)
	at org.testng.internal.Invoker.invokeConfigurationMethod(Invoker.java:523)
	at org.testng.internal.Invoker.invokeConfigurations(Invoker.java:224)
	at org.testng.internal.Invoker.invokeMethod(Invoker.java:599)
	at org.testng.internal.Invoker.invokeTestMethod(Invoker.java:869)
	at org.testng.internal.Invoker.invokeTestMethods(Invoker.java:1193)
	at org.testng.internal.TestMethodWorker.invokeTestMethods(TestMethodWorker.java:126)
	at org.testng.internal.TestMethodWorker.run(TestMethodWorker.java:109)
	at org.testng.TestRunner.privateRun(TestRunner.java:744)
	at org.testng.TestRunner.run(TestRunner.java:602)
	at org.testng.SuiteRunner.runTest(SuiteRunner.java:380)
	at org.testng.SuiteRunner.runSequentially(SuiteRunner.java:375)
	at org.testng.SuiteRunner.privateRun(SuiteRunner.java:340)
	at org.testng.SuiteRunner.run(SuiteRunner.java:289)
	at org.testng.SuiteRunnerWorker.runSuite(SuiteRunnerWorker.java:52)
	at org.testng.SuiteRunnerWorker.run(SuiteRunnerWorker.java:86)
	at org.testng.TestNG.runSuitesSequentially(TestNG.java:1301)
	at org.testng.TestNG.runSuitesLocally(TestNG.java:1226)
	at org.testng.TestNG.runSuites(TestNG.java:1144)
	at org.testng.TestNG.run(TestNG.java:1115)
	at org.apache.maven.surefire.testng.TestNGExecutor.run(TestNGExecutor.java:77)
	at org.apache.maven.surefire.testng.TestNGDirectoryTestSuite.executeMulti(TestNGDirectoryTestSuite.java:159)
	at org.apache.maven.surefire.testng.TestNGDirectoryTestSuite.execute(TestNGDirectoryTestSuite.java:99)
	at org.apache.maven.surefire.testng.TestNGProvider.invoke(TestNGProvider.java:106)
	at sun.reflect.NativeMethodAccessorImpl.invoke0(Native Method)
	at sun.reflect.NativeMethodAccessorImpl.invoke(NativeMethodAccessorImpl.java:62)
	at sun.reflect.DelegatingMethodAccessorImpl.invoke(DelegatingMethodAccessorImpl.java:43)
	at java.lang.reflect.Method.invoke(Method.java:498)
	at org.apache.maven.surefire.util.ReflectionUtils.invokeMethodWithArray(ReflectionUtils.java:189)
	at org.apache.maven.surefire.booter.ProviderFactory$ProviderProxy.invoke(ProviderFactory.java:165)
	at org.apache.maven.surefire.booter.ProviderFactory.invokeProvider(ProviderFactory.java:85)
	at org.apache.maven.surefire.booter.ForkedBooter.runSuitesInProcess(ForkedBooter.java:115)
	at org.apache.maven.surefire.booter.ForkedBooter.main(ForkedBooter.java:75)
]]>
    </error>
  </testcase> <!-- setUp -->
  <testcase name="usernametest" time="0.024" classname="com.flipkart.qa.testcase.HomePageTest">
    <skipped/>
  </testcase> <!-- usernametest -->
  <testcase name="searchitem" time="0.000" classname="com.flipkart.qa.testcase.HomePageTest">
    <skipped/>
  </testcase> <!-- searchitem -->
</testsuite> <!-- com.flipkart.qa.testcase.HomePageTest -->
